Traceback (most recent call last):
  File "/home/boms/Documents/2026/Sensus Ekonomi/Bot Scraper/bot_progres_pendataan.py", line 584, in <module>
    main()
  File "/home/boms/Documents/2026/Sensus Ekonomi/Bot Scraper/bot_progres_pendataan.py", line 566, in main
    df_usaha_mentah = pd.read_excel(
                      ^^^^^^^^^^^^^^
  File "/home/boms/.local/lib/python3.12/site-packages/pandas/io/excel/_base.py", line 481, in read_excel
    io = ExcelFile(
         ^^^^^^^^^^
  File "/home/boms/.local/lib/python3.12/site-packages/pandas/io/excel/_base.py", line 1604, in __init__
    ext = inspect_excel_format(
          ^^^^^^^^^^^^^^^^^^^^^
  File "/home/boms/.local/lib/python3.12/site-packages/pandas/io/excel/_base.py", line 1452, in inspect_excel_format
    with get_handle(
         ^^^^^^^^^^^
  File "/home/boms/.local/lib/python3.12/site-packages/pandas/io/common.py", line 935, in get_handle
    handle = open(handle, ioargs.mode)
             ^^^^^^^^^^^^^^^^^^^^^^^^^
FileNotFoundError: [Errno 2] No such file or directory: 'scrap_status_usaha/status_usaha_sls_sumsel_20260721_144142.xlsx'
Traceback (most recent call last):
  File "/home/boms/Documents/2026/Sensus Ekonomi/Bot Scraper/bot_progres_pendataan.py", line 589, in <module>
    main()
  File "/home/boms/Documents/2026/Sensus Ekonomi/Bot Scraper/bot_progres_pendataan.py", line 571, in main
    df_usaha_mentah = pd.read_excel(
                      ^^^^^^^^^^^^^^
  File "/home/boms/.local/lib/python3.12/site-packages/pandas/io/excel/_base.py", line 481, in read_excel
    io = ExcelFile(
         ^^^^^^^^^^
  File "/home/boms/.local/lib/python3.12/site-packages/pandas/io/excel/_base.py", line 1604, in __init__
    ext = inspect_excel_format(
          ^^^^^^^^^^^^^^^^^^^^^
  File "/home/boms/.local/lib/python3.12/site-packages/pandas/io/excel/_base.py", line 1452, in inspect_excel_format
    with get_handle(
         ^^^^^^^^^^^
  File "/home/boms/.local/lib/python3.12/site-packages/pandas/io/common.py", line 935, in get_handle
    handle = open(handle, ioargs.mode)
             ^^^^^^^^^^^^^^^^^^^^^^^^^
FileNotFoundError: [Errno 2] No such file or directory: 'scrap_status_usaha/status_usaha_sls_sumsel_20260721_144142.xlsx'
Traceback (most recent call last):
  File "/home/boms/Documents/2026/Sensus Ekonomi/Bot Scraper/bot_progres_pendataan.py", line 560, in <module>
    main()
  File "/home/boms/Documents/2026/Sensus Ekonomi/Bot Scraper/bot_progres_pendataan.py", line 549, in main
    df_mentah = pd.read_excel(
                ^^^^^^^^^^^^^^
  File "/home/boms/.local/lib/python3.12/site-packages/pandas/io/excel/_base.py", line 481, in read_excel
    io = ExcelFile(
         ^^^^^^^^^^
  File "/home/boms/.local/lib/python3.12/site-packages/pandas/io/excel/_base.py", line 1604, in __init__
    ext = inspect_excel_format(
          ^^^^^^^^^^^^^^^^^^^^^
  File "/home/boms/.local/lib/python3.12/site-packages/pandas/io/excel/_base.py", line 1452, in inspect_excel_format
    with get_handle(
         ^^^^^^^^^^^
  File "/home/boms/.local/lib/python3.12/site-packages/pandas/io/common.py", line 935, in get_handle
    handle = open(handle, ioargs.mode)
             ^^^^^^^^^^^^^^^^^^^^^^^^^
FileNotFoundError: [Errno 2] No such file or directory: 'scrap_status_pendataan/status_pendataan_sls_sumsel_20260608_145000.xlsx'
